Arguments: 
  /usr/local/bin/node /usr/local/bin/yarn add --dev hardhat

PATH: 
  /Users/armanrozika/opt/anaconda3/bin:/Users/armanrozika/opt/anaconda3/condabin:/opt/homebrew/bin:/opt/homebrew/sbin:/usr/local/bin:/System/Cryptexes/App/usr/bin:/usr/bin:/bin:/usr/sbin:/sbin

Yarn version: 
  1.22.19

Node version: 
  18.14.0

Platform: 
  darwin arm64

Trace: 
  Error: https://registry.yarnpkg.com/hardhat: ETIMEDOUT
      at Timeout._onTimeout (/usr/local/lib/node_modules/yarn/lib/cli.js:141550:19)
      at listOnTimeout (node:internal/timers:569:17)
      at process.processTimers (node:internal/timers:512:7)

npm manifest: 
  {
    "name": "ercordinal",
    "version": "1.0.0",
    "main": "index.js",
    "license": "MIT"
  }

yarn manifest: 
  No manifest

Lockfile: 
  No lockfile
